<?xml version="1.0" encoding="UTF-8"?>
<!-- Generated by org.testng.reporters.JUnitXMLReporter -->
<testsuite ignored="7" hostname="DESKTOP-SONOGT0" failures="0" tests="13" name="Test1" time="62.416" errors="0" timestamp="2025-07-09T22:13:28 IST">
  <testcase classname="tests.inputPage" name="case1" time="7.665"/>
  <testcase classname="tests.buttonPage" name="case2" time="7.689"/>
  <testcase classname="tests.selectPage" name="case3" time="6.955"/>
  <testcase classname="tests.radioPage" name="case4" time="3.603"/>
  <testcase classname="tests.radioPage" name="case5" time="11.317"/>
  <testcase classname="tests.AlertPage" name="case1" time="1.483"/>
  <testcase classname="tests.AlertPage" name="case2" time="1.228"/>
  <testcase classname="tests.AlertPage" name="case3" time="6.04"/>
  <testcase classname="tests.AlertPage" name="case4" time="1.626"/>
  <testcase classname="tests.DragDropTest" name="case1" time="1.448"/>
  <testcase classname="tests.DragDropTest" name="case2" time="1.047"/>
  <testcase classname="tests.SliderPage" name="case1" time="8.174"/>
  <testcase classname="tests.TooltipPage" name="case1" time="1.693"/>
  <testcase classname="tests.Basetest1" name="@BeforeTest start_test" time="0.0">
    <ignored/>
  </testcase> <!-- @BeforeTest start_test -->
  <testcase classname="tests.Basetest1" name="@BeforeTest start_test" time="0.0">
    <ignored/>
  </testcase> <!-- @BeforeTest start_test -->
  <testcase classname="tests.Basetest1" name="@BeforeTest start_test" time="0.0">
    <ignored/>
  </testcase> <!-- @BeforeTest start_test -->
  <testcase classname="tests.Basetest1" name="@BeforeTest start_test" time="0.0">
    <ignored/>
  </testcase> <!-- @BeforeTest start_test -->
  <testcase classname="tests.Basetest1" name="@BeforeTest start_test" time="0.0">
    <ignored/>
  </testcase> <!-- @BeforeTest start_test -->
  <testcase classname="tests.Basetest1" name="@BeforeTest start_test" time="0.0">
    <ignored/>
  </testcase> <!-- @BeforeTest start_test -->
  <testcase classname="tests.Basetest1" name="@BeforeTest start_test" time="0.0">
    <ignored/>
  </testcase> <!-- @BeforeTest start_test -->
</testsuite> <!-- Test1 -->
