<?xml version="1.0" encoding="UTF-8"?>
<!-- Generated by org.testng.reporters.JUnitXMLReporter -->
<testsuite ignored="8" hostname="Pragati-MA" failures="1" tests="13" name="Test" time="34.255" errors="0" timestamp="2024-07-18T17:38:31 IST">
  <testcase classname="tests.inputPage" name="case1" time="1.782"/>
  <testcase classname="tests.buttonPage" name="case2" time="7.736"/>
  <testcase classname="tests.selectPage" name="case3" time="5.594"/>
  <testcase classname="tests.radioPage" name="case4" time="3.405"/>
  <testcase classname="tests.radioPage" name="case5" time="1.149"/>
  <testcase classname="tests.AlertPage" name="case1" time="0.797"/>
  <testcase classname="tests.AlertPage" name="case2" time="0.849"/>
  <testcase classname="tests.AlertPage" name="case3" time="0.939"/>
  <testcase classname="tests.AlertPage" name="case4" time="0.987"/>
  <testcase classname="tests.DragDropTest" name="case1" time="1.053"/>
  <testcase classname="tests.SliderPage" name="case1" time="1.387"/>
  <testcase classname="tests.SelectTest" name="case1" time="2.264">
    <failure type="org.openqa.selenium.ElementClickInterceptedException" message="element click intercepted: Element &amp;lt;a _ngcontent-serverapp-c75=&amp;quot;&amp;quot; class=&amp;quot;card-footer-item&amp;quot; href=&amp;quot;/selectable&amp;quot;&amp;gt;...&amp;lt;/a&amp;gt; is not clickable at point (1072, 517). Other element would receive the click: &amp;lt;span class=&amp;quot;google-anno-sa-qtx google-anno-skip&amp;quot; tabindex=&amp;quot;0&amp;quot; role=&amp;quot;link&amp;quot; aria-live=&amp;quot;polite&amp;quot; aria-label=&amp;quot;Go to shopping options for ...&amp;quot; style=&amp;quot;color-scheme: initial !important; forced-color-adjust: initial !important; mask: initial !important; math-depth: initial !important; position: initial !important; position-anchor: initial !important; appearance: initial !important; color: inherit !important; font-family: Roboto !important; font-feature-settings: initial !important; font-kerning: initial !important; font-optical-sizing: initial !important; font-palette: initial !important; font-size: 16px !important; font-stretch: initial !important; font-style: normal !important; font-synthesis: initial !important; font-variant: initial !important; font-variation-settings: initial !important; font-weight: 400 !important; inset-area: initial !important; text-orientation: initial !important; text-rendering: initial !important; text-spacing-trim: initial !important; -webkit-font-smoothing: initial !important; -webkit-locale: initial !important; -webkit-text-orientation: initial !important; -webkit-writing-mode: initial !important; writing-mode: initial !important; zoom: initial !important; accent-color: initial !important; place-content: initial !important; align-items: center !important; place-self: initial !important; alignment-baseline: initial !important; anchor-name: initial !important; animation-composition: initial !important; animation: initial !important; app-region: initial !important; aspect-ratio: initial !important; backdrop-filter: initial !important; backface-visibility: initial !important; background: initial !important; background-blend-mode: initial !important; baseline-shift: initial !important; baseline-source: initial !important; block-size: initial !important; border-block: initial !important; border: initial !important; border-radius: initial !important; border-collapse: initial !important; border-end-end-radius: initial !important; border-end-start-radius: initial !important; border-inline: initial !important; border-start-end-radius: initial !important; border-start-start-radius: initial !important; inset: initial !important; box-shadow: initial !important; box-sizing: initial !important; break-after: initial !important; break-before: initial !important; break-inside: initial !important; buffered-rendering: initial !important; caption-side: initial !important; caret-color: initial !important; clear: initial !important; clip: initial !important; clip-path: initial !important; clip-rule: initial !important; color-interpolation: initial !important; color-interpolation-filters: initial !important; color-rendering: initial !important; columns: initial !important; column-fill: initial !important; gap: initial !important; column-rule: initial !important; column-span: initial !important; contain: initial !important; contain-intrinsic-block-size: initial !important; contain-intrinsic-size: initial !important; contain-intrinsic-inline-size: initial !important; container: initial !important; content: initial !important; content-visibility: initial !important; counter-increment: initial !important; counter-reset: initial !important; counter-set: initial !important; cursor: inherit !important; cx: initial !important; cy: initial !important; d: initial !important; display: initial !important; dominant-baseline: initial !important; empty-cells: initial !important; field-sizing: initial !important; fill: initial !important; fill-opacity: initial !important; fill-rule: initial !important; filter: initial !important; flex: initial !important; flex-flow: initial !important; float: initial !important; flood-color: initial !important; flood-opacity: initial !important; grid: initial !important; grid-area: initial !important; height: 40px !important; hyphenate-character: initial !important; hyphenate-limit-chars: initial !important; hyphens: initial !important; image-orientation: initial !important; image-rendering: initial !important; initial-letter: initial !important; inline-size: initial !important; inset-block: initial !important; inset-inline: initial !important; isolation: initial !important; justify-items: initial !important; letter-spacing: initial !important; lighting-color: initial !important; line-break: initial !important; line-height: 44px !important; list-style: initial !important; margin-block: initial !important; margin: initial !important; margin-inline: initial !important; marker: initial !important; mask-type: initial !important; math-shift: initial !important; math-style: initial !important; max-block-size: initial !important; max-height: initial !important; max-inline-size: initial !important; max-width: initial !important; min-block-size: initial !important; min-height: initial !important; min-inline-size: initial !important; min-width: initial !important; mix-blend-mode: initial !important; object-fit: initial !important; object-position: initial !important; object-view-box: initial !important; offset: initial !important; opacity: initial !important; order: initial !important; orphans: initial !important; outline: initial !important; outline-offset: initial !important; overflow-anchor: initial !important; overflow-clip-margin: initial !important; overflow-wrap: initial !important; overflow: hidden !important; overlay: initial !important; overscroll-behavior-block: initial !important; overscroll-behavior-inline: initial !important; overscroll-behavior: initial !important; padding-block: initial !important; padding: initial !important; padding-inline: initial !important; page: initial !important; page-orientation: initial !important; paint-order: initial !important; perspective: initial !important; perspective-origin: initial !important; pointer-events: initial !important; position-try: initial !important; position-visibility: initial !important; quotes: initial !important; r: initial !important; resize: initial !important; rotate: initial !important; ruby-position: initial !important; rx: initial !important; ry: initial !important; scale: initial !important; scroll-behavior: initial !important; scroll-margin-block: initial !important; scroll-margin: initial !important; scroll-margin-inline: initial !important; scroll-padding-block: initial !important; scroll-padding: initial !important; scroll-padding-inline: initial !important; scroll-snap-align: initial !important; scroll-snap-stop: initial !important; scroll-snap-type: initial !important; scroll-timeline: initial !important; scrollbar-color: initial !important; scrollbar-gutter: initial !important; scrollbar-width: initial !important; shape-image-threshold: initial !important; shape-margin: initial !important; shape-outside: initial !important; shape-rendering: initial !important; size: initial !important; speak: initial !important; stop-color: initial !important; stop-opacity: initial !important; stroke: initial !important; stroke-dasharray: initial !important; stroke-dashoffset: initial !important; stroke-linecap: initial !important; stroke-linejoin: initial !important; stroke-miterlimit: initial !important; stroke-opacity: initial !important; stroke-width: initial !important; tab-size: initial !important; table-layout: initial !important; text-align: initial !important; text-align-last: initial !important; text-anchor: initial !important; text-combine-upright: initial !important; text-decoration: initial !important; text-decoration-skip-ink: initial !important; text-emphasis: initial !important; text-emphasis-position: initial !important; text-indent: initial !important; text-overflow: ellipsis !important; text-shadow: initial !important; text-size-adjust: initial !important; text-transform: initial !important; text-underline-offset: initial !important; text-underline-position: initial !important; white-space: nowrap !important; timeline-scope: initial !important; touch-action: initial !important; transform: initial !important; transform-box: initial !important; transform-origin: initial !important; transform-style: initial !important; transition: initial !important; translate: initial !important; user-select: initial !important; vector-effect: initial !important; vertical-align: initial !important; view-timeline: initial !important; view-transition-class: initial !important; view-transition-name: initial !important; visibility: initial !important; border-spacing: initial !important; -webkit-box-align: initial !important; -webkit-box-decoration-break: initial !important; -webkit-box-direction: initial !important; -webkit-box-flex: initial !important; -webkit-box-ordinal-group: initial !important; -webkit-box-orient: initial !important; -webkit-box-pack: initial !important; -webkit-box-reflect: initial !important; -webkit-line-break: initial !important; -webkit-line-clamp: initial !important; -webkit-mask-box-image: initial !important; -webkit-print-color-adjust: initial !important; -webkit-rtl-ordering: initial !important; -webkit-ruby-position: initial !important; -webkit-tap-highlight-color: transparent !important; -webkit-text-combine: initial !important; -webkit-text-decorations-in-effect: initial !important; -webkit-text-fill-color: unset !important; -webkit-text-security: initial !important; -webkit-text-stroke: initial !important; -webkit-user-drag: initial !important; widows: initial !important; width: initial !important; will-change: initial !important; word-break: initial !important; word-spacing: initial !important; x: initial !important; y: initial !important; z-index: initial !important;&amp;quot;&amp;gt;Premium Cypress online&amp;lt;/span&amp;gt;
  (Session info: chrome=126.0.6478.127)
Build info: version: &amp;apos;4.20.0&amp;apos;, revision: &amp;apos;866c76ca80&amp;apos;
System info: os.name: &amp;apos;Windows 10&amp;apos;, os.arch: &amp;apos;amd64&amp;apos;, os.version: &amp;apos;10.0&amp;apos;, java.version: &amp;apos;19.0.2&amp;apos;
Driver info: org.openqa.selenium.chrome.ChromeDriver
Command: [3612d24a33afed42c33dbcef7a0942d5, clickElement {id=f.335088630DFBD6014B73A4AA3A56E31A.d.48D939DCEE8B1DD9F56EFAC1E7BC1618.e.370}]
Capabilities {acceptInsecureCerts: false, browserName: chrome, browserVersion: 126.0.6478.127, chrome: {chromedriverVersion: 126.0.6478.63 (df799988fdc9..., userDataDir: C:\Users\PRAGAT~1\AppData\L...}, fedcm:accounts: true, goog:chromeOptions: {debuggerAddress: localhost:50251}, networkConnectionEnabled: false, pageLoadStrategy: normal, platformName: windows, proxy: Proxy(), se:cdp: ws://localhost:50251/devtoo..., se:cdpVersion: 126.0.6478.127, setWindowRect: true, strictFileInteractability: false, timeouts: {implicit: 0, pageLoad: 300000, script: 30000}, unhandledPromptBehavior: dismiss and notify, webauthn:extension:credBlob: true, webauthn:extension:largeBlob: true, webauthn:extension:minPinLength: true, webauthn:extension:prf: true, webauthn:virtualAuthenticators: true}
Element: [[ChromeDriver: chrome on windows (3612d24a33afed42c33dbcef7a0942d5)] -&amp;gt; xpath: /html/body/app-root/app-test-site/section[4]/div/div/div/div[4]/app-menu/div/footer/a]
Session ID: 3612d24a33afed42c33dbcef7a0942d5">
      <![CDATA[org.openqa.selenium.ElementClickInterceptedException: element click intercepted: Element <a _ngcontent-serverapp-c75="" class="card-footer-item" href="/selectable">...</a> is not clickable at point (1072, 517). Other element would receive the click: <span class="google-anno-sa-qtx google-anno-skip" tabindex="0" role="link" aria-live="polite" aria-label="Go to shopping options for ..." style="color-scheme: initial !important; forced-color-adjust: initial !important; mask: initial !important; math-depth: initial !important; position: initial !important; position-anchor: initial !important; appearance: initial !important; color: inherit !important; font-family: Roboto !important; font-feature-settings: initial !important; font-kerning: initial !important; font-optical-sizing: initial !important; font-palette: initial !important; font-size: 16px !important; font-stretch: initial !important; font-style: normal !important; font-synthesis: initial !important; font-variant: initial !important; font-variation-settings: initial !important; font-weight: 400 !important; inset-area: initial !important; text-orientation: initial !important; text-rendering: initial !important; text-spacing-trim: initial !important; -webkit-font-smoothing: initial !important; -webkit-locale: initial !important; -webkit-text-orientation: initial !important; -webkit-writing-mode: initial !important; writing-mode: initial !important; zoom: initial !important; accent-color: initial !important; place-content: initial !important; align-items: center !important; place-self: initial !important; alignment-baseline: initial !important; anchor-name: initial !important; animation-composition: initial !important; animation: initial !important; app-region: initial !important; aspect-ratio: initial !important; backdrop-filter: initial !important; backface-visibility: initial !important; background: initial !important; background-blend-mode: initial !important; baseline-shift: initial !important; baseline-source: initial !important; block-size: initial !important; border-block: initial !important; border: initial !important; border-radius: initial !important; border-collapse: initial !important; border-end-end-radius: initial !important; border-end-start-radius: initial !important; border-inline: initial !important; border-start-end-radius: initial !important; border-start-start-radius: initial !important; inset: initial !important; box-shadow: initial !important; box-sizing: initial !important; break-after: initial !important; break-before: initial !important; break-inside: initial !important; buffered-rendering: initial !important; caption-side: initial !important; caret-color: initial !important; clear: initial !important; clip: initial !important; clip-path: initial !important; clip-rule: initial !important; color-interpolation: initial !important; color-interpolation-filters: initial !important; color-rendering: initial !important; columns: initial !important; column-fill: initial !important; gap: initial !important; column-rule: initial !important; column-span: initial !important; contain: initial !important; contain-intrinsic-block-size: initial !important; contain-intrinsic-size: initial !important; contain-intrinsic-inline-size: initial !important; container: initial !important; content: initial !important; content-visibility: initial !important; counter-increment: initial !important; counter-reset: initial !important; counter-set: initial !important; cursor: inherit !important; cx: initial !important; cy: initial !important; d: initial !important; display: initial !important; dominant-baseline: initial !important; empty-cells: initial !important; field-sizing: initial !important; fill: initial !important; fill-opacity: initial !important; fill-rule: initial !important; filter: initial !important; flex: initial !important; flex-flow: initial !important; float: initial !important; flood-color: initial !important; flood-opacity: initial !important; grid: initial !important; grid-area: initial !important; height: 40px !important; hyphenate-character: initial !important; hyphenate-limit-chars: initial !important; hyphens: initial !important; image-orientation: initial !important; image-rendering: initial !important; initial-letter: initial !important; inline-size: initial !important; inset-block: initial !important; inset-inline: initial !important; isolation: initial !important; justify-items: initial !important; letter-spacing: initial !important; lighting-color: initial !important; line-break: initial !important; line-height: 44px !important; list-style: initial !important; margin-block: initial !important; margin: initial !important; margin-inline: initial !important; marker: initial !important; mask-type: initial !important; math-shift: initial !important; math-style: initial !important; max-block-size: initial !important; max-height: initial !important; max-inline-size: initial !important; max-width: initial !important; min-block-size: initial !important; min-height: initial !important; min-inline-size: initial !important; min-width: initial !important; mix-blend-mode: initial !important; object-fit: initial !important; object-position: initial !important; object-view-box: initial !important; offset: initial !important; opacity: initial !important; order: initial !important; orphans: initial !important; outline: initial !important; outline-offset: initial !important; overflow-anchor: initial !important; overflow-clip-margin: initial !important; overflow-wrap: initial !important; overflow: hidden !important; overlay: initial !important; overscroll-behavior-block: initial !important; overscroll-behavior-inline: initial !important; overscroll-behavior: initial !important; padding-block: initial !important; padding: initial !important; padding-inline: initial !important; page: initial !important; page-orientation: initial !important; paint-order: initial !important; perspective: initial !important; perspective-origin: initial !important; pointer-events: initial !important; position-try: initial !important; position-visibility: initial !important; quotes: initial !important; r: initial !important; resize: initial !important; rotate: initial !important; ruby-position: initial !important; rx: initial !important; ry: initial !important; scale: initial !important; scroll-behavior: initial !important; scroll-margin-block: initial !important; scroll-margin: initial !important; scroll-margin-inline: initial !important; scroll-padding-block: initial !important; scroll-padding: initial !important; scroll-padding-inline: initial !important; scroll-snap-align: initial !important; scroll-snap-stop: initial !important; scroll-snap-type: initial !important; scroll-timeline: initial !important; scrollbar-color: initial !important; scrollbar-gutter: initial !important; scrollbar-width: initial !important; shape-image-threshold: initial !important; shape-margin: initial !important; shape-outside: initial !important; shape-rendering: initial !important; size: initial !important; speak: initial !important; stop-color: initial !important; stop-opacity: initial !important; stroke: initial !important; stroke-dasharray: initial !important; stroke-dashoffset: initial !important; stroke-linecap: initial !important; stroke-linejoin: initial !important; stroke-miterlimit: initial !important; stroke-opacity: initial !important; stroke-width: initial !important; tab-size: initial !important; table-layout: initial !important; text-align: initial !important; text-align-last: initial !important; text-anchor: initial !important; text-combine-upright: initial !important; text-decoration: initial !important; text-decoration-skip-ink: initial !important; text-emphasis: initial !important; text-emphasis-position: initial !important; text-indent: initial !important; text-overflow: ellipsis !important; text-shadow: initial !important; text-size-adjust: initial !important; text-transform: initial !important; text-underline-offset: initial !important; text-underline-position: initial !important; white-space: nowrap !important; timeline-scope: initial !important; touch-action: initial !important; transform: initial !important; transform-box: initial !important; transform-origin: initial !important; transform-style: initial !important; transition: initial !important; translate: initial !important; user-select: initial !important; vector-effect: initial !important; vertical-align: initial !important; view-timeline: initial !important; view-transition-class: initial !important; view-transition-name: initial !important; visibility: initial !important; border-spacing: initial !important; -webkit-box-align: initial !important; -webkit-box-decoration-break: initial !important; -webkit-box-direction: initial !important; -webkit-box-flex: initial !important; -webkit-box-ordinal-group: initial !important; -webkit-box-orient: initial !important; -webkit-box-pack: initial !important; -webkit-box-reflect: initial !important; -webkit-line-break: initial !important; -webkit-line-clamp: initial !important; -webkit-mask-box-image: initial !important; -webkit-print-color-adjust: initial !important; -webkit-rtl-ordering: initial !important; -webkit-ruby-position: initial !important; -webkit-tap-highlight-color: transparent !important; -webkit-text-combine: initial !important; -webkit-text-decorations-in-effect: initial !important; -webkit-text-fill-color: unset !important; -webkit-text-security: initial !important; -webkit-text-stroke: initial !important; -webkit-user-drag: initial !important; widows: initial !important; width: initial !important; will-change: initial !important; word-break: initial !important; word-spacing: initial !important; x: initial !important; y: initial !important; z-index: initial !important;">Premium Cypress online</span>
  (Session info: chrome=126.0.6478.127)
Build info: version: '4.20.0', revision: '866c76ca80'
System info: os.name: 'Windows 10', os.arch: 'amd64', os.version: '10.0', java.version: '19.0.2'
Driver info: org.openqa.selenium.chrome.ChromeDriver
Command: [3612d24a33afed42c33dbcef7a0942d5, clickElement {id=f.335088630DFBD6014B73A4AA3A56E31A.d.48D939DCEE8B1DD9F56EFAC1E7BC1618.e.370}]
Capabilities {acceptInsecureCerts: false, browserName: chrome, browserVersion: 126.0.6478.127, chrome: {chromedriverVersion: 126.0.6478.63 (df799988fdc9..., userDataDir: C:\Users\PRAGAT~1\AppData\L...}, fedcm:accounts: true, goog:chromeOptions: {debuggerAddress: localhost:50251}, networkConnectionEnabled: false, pageLoadStrategy: normal, platformName: windows, proxy: Proxy(), se:cdp: ws://localhost:50251/devtoo..., se:cdpVersion: 126.0.6478.127, setWindowRect: true, strictFileInteractability: false, timeouts: {implicit: 0, pageLoad: 300000, script: 30000}, unhandledPromptBehavior: dismiss and notify, webauthn:extension:credBlob: true, webauthn:extension:largeBlob: true, webauthn:extension:minPinLength: true, webauthn:extension:prf: true, webauthn:virtualAuthenticators: true}
Element: [[ChromeDriver: chrome on windows (3612d24a33afed42c33dbcef7a0942d5)] -> xpath: /html/body/app-root/app-test-site/section[4]/div/div/div/div[4]/app-menu/div/footer/a]
Session ID: 3612d24a33afed42c33dbcef7a0942d5
at org.openqa.selenium.remote.ErrorCodec.decode(ErrorCodec.java:167)
at org.openqa.selenium.remote.codec.w3c.W3CHttpResponseCodec.decode(W3CHttpResponseCodec.java:138)
at org.openqa.selenium.remote.codec.w3c.W3CHttpResponseCodec.decode(W3CHttpResponseCodec.java:50)
at org.openqa.selenium.remote.HttpCommandExecutor.execute(HttpCommandExecutor.java:190)
at org.openqa.selenium.remote.service.DriverCommandExecutor.invokeExecute(DriverCommandExecutor.java:216)
at org.openqa.selenium.remote.service.DriverCommandExecutor.execute(DriverCommandExecutor.java:174)
at org.openqa.selenium.remote.RemoteWebDriver.execute(RemoteWebDriver.java:518)
at org.openqa.selenium.remote.RemoteWebElement.execute(RemoteWebElement.java:223)
at org.openqa.selenium.remote.RemoteWebElement.click(RemoteWebElement.java:76)
at tests.SelectTest.case1(SelectTest.java:17)
at java.base/java.util.ArrayList.forEach(ArrayList.java:1511)
... Removed 28 stack frames]]>
    </failure>
  </testcase> <!-- case1 -->
  <testcase classname="tests.WaitPage" name="case1" time="5.358"/>
  <testcase classname="tests.Basetest1" name="@BeforeTest start_test" time="0.0">
    <ignored/>
  </testcase> <!-- @BeforeTest start_test -->
  <testcase classname="tests.Basetest1" name="@BeforeTest start_test" time="0.0">
    <ignored/>
  </testcase> <!-- @BeforeTest start_test -->
  <testcase classname="tests.Basetest1" name="@BeforeTest start_test" time="0.0">
    <ignored/>
  </testcase> <!-- @BeforeTest start_test -->
  <testcase classname="tests.Basetest1" name="@BeforeTest start_test" time="0.0">
    <ignored/>
  </testcase> <!-- @BeforeTest start_test -->
  <testcase classname="tests.Basetest1" name="@BeforeTest start_test" time="0.0">
    <ignored/>
  </testcase> <!-- @BeforeTest start_test -->
  <testcase classname="tests.Basetest1" name="@BeforeTest start_test" time="0.0">
    <ignored/>
  </testcase> <!-- @BeforeTest start_test -->
  <testcase classname="tests.Basetest1" name="@BeforeTest start_test" time="0.0">
    <ignored/>
  </testcase> <!-- @BeforeTest start_test -->
  <testcase classname="tests.Basetest1" name="@BeforeTest start_test" time="0.0">
    <ignored/>
  </testcase> <!-- @BeforeTest start_test -->
</testsuite> <!-- Test -->
