<?xml version="1.0" encoding="UTF-8"?>
<testng-results ignored="0" total="15" passed="15" failed="0" skipped="0">
  <reporter-output>
  </reporter-output>
  <suite started-at="2025-07-09T22:12:25 IST" name="Suite" finished-at="2025-07-09T22:13:58 IST" duration-ms="93278">
    <groups>
    </groups>
    <test started-at="2025-07-09T22:12:25 IST" name="Test1" finished-at="2025-07-09T22:13:28 IST" duration-ms="62416">
      <class name="tests.selectPage">
        <test-method signature="case3()[pri:0, instance:tests.selectPage@2cd76f31]" started-at="2025-07-09T22:12:43 IST" name="case3" finished-at="2025-07-09T22:12:50 IST" duration-ms="6955" status="PASS">
          <reporter-output>
          </reporter-output>
        </test-method> <!-- case3 -->
      </class> <!-- tests.selectPage -->
      <class name="tests.radioPage">
        <test-method signature="case4()[pri:0, instance:tests.radioPage@367ffa75]" started-at="2025-07-09T22:12:50 IST" name="case4" finished-at="2025-07-09T22:12:53 IST" duration-ms="3603" status="PASS">
          <reporter-output>
          </reporter-output>
        </test-method> <!-- case4 -->
        <test-method signature="case5()[pri:0, instance:tests.radioPage@367ffa75]" started-at="2025-07-09T22:12:53 IST" name="case5" finished-at="2025-07-09T22:13:05 IST" duration-ms="11317" status="PASS">
          <reporter-output>
          </reporter-output>
        </test-method> <!-- case5 -->
      </class> <!-- tests.radioPage -->
      <class name="tests.buttonPage">
        <test-method signature="case2()[pri:0, instance:tests.buttonPage@40005471]" started-at="2025-07-09T22:12:35 IST" name="case2" finished-at="2025-07-09T22:12:43 IST" duration-ms="7689" status="PASS">
          <reporter-output>
          </reporter-output>
        </test-method> <!-- case2 -->
      </class> <!-- tests.buttonPage -->
      <class name="tests.SliderPage">
        <test-method signature="case1()[pri:0, instance:tests.SliderPage@1c1bbc4e]" started-at="2025-07-09T22:13:18 IST" name="case1" finished-at="2025-07-09T22:13:26 IST" duration-ms="8174" status="PASS">
          <reporter-output>
          </reporter-output>
        </test-method> <!-- case1 -->
      </class> <!-- tests.SliderPage -->
      <class name="tests.AlertPage">
        <test-method signature="case1()[pri:0, instance:tests.AlertPage@49438269]" started-at="2025-07-09T22:13:05 IST" name="case1" finished-at="2025-07-09T22:13:06 IST" duration-ms="1483" status="PASS">
          <reporter-output>
          </reporter-output>
        </test-method> <!-- case1 -->
        <test-method signature="case2()[pri:0, instance:tests.AlertPage@49438269]" started-at="2025-07-09T22:13:06 IST" name="case2" finished-at="2025-07-09T22:13:08 IST" duration-ms="1228" status="PASS">
          <reporter-output>
          </reporter-output>
        </test-method> <!-- case2 -->
        <test-method signature="case3()[pri:0, instance:tests.AlertPage@49438269]" started-at="2025-07-09T22:13:08 IST" name="case3" finished-at="2025-07-09T22:13:14 IST" duration-ms="6040" status="PASS">
          <reporter-output>
          </reporter-output>
        </test-method> <!-- case3 -->
        <test-method signature="case4()[pri:0, instance:tests.AlertPage@49438269]" started-at="2025-07-09T22:13:14 IST" name="case4" finished-at="2025-07-09T22:13:15 IST" duration-ms="1626" status="PASS">
          <reporter-output>
          </reporter-output>
        </test-method> <!-- case4 -->
      </class> <!-- tests.AlertPage -->
      <class name="tests.DragDropTest">
        <test-method signature="case1()[pri:0, instance:tests.DragDropTest@ba2f4ec]" started-at="2025-07-09T22:13:15 IST" name="case1" finished-at="2025-07-09T22:13:17 IST" duration-ms="1448" status="PASS">
          <reporter-output>
          </reporter-output>
        </test-method> <!-- case1 -->
        <test-method signature="case2()[pri:0, instance:tests.DragDropTest@ba2f4ec]" started-at="2025-07-09T22:13:17 IST" name="case2" finished-at="2025-07-09T22:13:18 IST" duration-ms="1047" status="PASS">
          <reporter-output>
          </reporter-output>
        </test-method> <!-- case2 -->
      </class> <!-- tests.DragDropTest -->
      <class name="tests.inputPage">
        <test-method is-config="true" signature="start_test()[pri:0, instance:tests.inputPage@4b2bac3f]" started-at="2025-07-09T22:12:25 IST" name="start_test" finished-at="2025-07-09T22:12:27 IST" duration-ms="2258" status="PASS">
          <reporter-output>
          </reporter-output>
        </test-method> <!-- start_test -->
        <test-method signature="case1()[pri:0, instance:tests.inputPage@4b2bac3f]" started-at="2025-07-09T22:12:27 IST" name="case1" finished-at="2025-07-09T22:12:35 IST" duration-ms="7665" status="PASS">
          <reporter-output>
          </reporter-output>
        </test-method> <!-- case1 -->
      </class> <!-- tests.inputPage -->
      <class name="tests.TooltipPage">
        <test-method signature="case1()[pri:0, instance:tests.TooltipPage@55fe41ea]" started-at="2025-07-09T22:13:26 IST" name="case1" finished-at="2025-07-09T22:13:28 IST" duration-ms="1693" status="PASS">
          <reporter-output>
          </reporter-output>
        </test-method> <!-- case1 -->
      </class> <!-- tests.TooltipPage -->
    </test> <!-- Test1 -->
    <test started-at="2025-07-09T22:13:28 IST" name="Test2" finished-at="2025-07-09T22:13:44 IST" duration-ms="16670">
      <class name="tests.WaitPage">
        <test-method is-config="true" signature="start_test()[pri:0, instance:tests.WaitPage@8c3b9d]" started-at="2025-07-09T22:13:28 IST" name="start_test" finished-at="2025-07-09T22:13:29 IST" duration-ms="1294" status="PASS">
          <reporter-output>
          </reporter-output>
        </test-method> <!-- start_test -->
        <test-method signature="case1()[pri:0, instance:tests.WaitPage@8c3b9d]" started-at="2025-07-09T22:13:29 IST" name="case1" finished-at="2025-07-09T22:13:44 IST" duration-ms="15361" status="PASS">
          <reporter-output>
          </reporter-output>
        </test-method> <!-- case1 -->
      </class> <!-- tests.WaitPage -->
    </test> <!-- Test2 -->
    <test started-at="2025-07-09T22:13:44 IST" name="Test3" finished-at="2025-07-09T22:13:58 IST" duration-ms="14042">
      <class name="tests.SelectTest">
        <test-method is-config="true" signature="start_test()[pri:0, instance:tests.SelectTest@7ee8290b]" started-at="2025-07-09T22:13:44 IST" name="start_test" finished-at="2025-07-09T22:13:46 IST" duration-ms="1467" status="PASS">
          <reporter-output>
          </reporter-output>
        </test-method> <!-- start_test -->
        <test-method signature="case1()[pri:0, instance:tests.SelectTest@7ee8290b]" started-at="2025-07-09T22:13:46 IST" name="case1" finished-at="2025-07-09T22:13:58 IST" duration-ms="12569" status="PASS">
          <reporter-output>
          </reporter-output>
        </test-method> <!-- case1 -->
      </class> <!-- tests.SelectTest -->
    </test> <!-- Test3 -->
  </suite> <!-- Suite -->
</testng-results>
